<?xml version="1.0" encoding="UTF-8"?>
<testsuite name="com.example.project.TestPoint" tests="3" skipped="0" failures="0" errors="0" timestamp="2025-01-08T21:15:04" hostname="codespaces-d8ce91" time="0.047">
  <properties/>
  <testcase name="testPointInfo()" classname="com.example.project.TestPoint" time="0.02"/>
  <testcase name="testDistanceTo()" classname="com.example.project.TestPoint" time="0.003"/>
  <testcase name="testConstructor()" classname="com.example.project.TestPoint" time="0.017"/>
  <system-out><![CDATA[]]></system-out>
  <system-err><![CDATA[]]></system-err>
</testsuite>
